{
  "RSpec": {
    "coverage": {
      "/media/sunny/homework/week6-1/br1-wk6-humanbook/spec/controllers/messages_controller_spec.rb": [
        1,
        null,
        1,
        2,
        2,
        2,
        null,
        1,
        1,
        1,
        1,
        1,
        null,
        null,
        null,
        null,
        null,
        null,
        null
      ],
      "/media/sunny/homework/week6-1/br1-wk6-humanbook/spec/rails_helper.rb": [
        null,
        1,
        1,
        1,
        null,
        1,
        1,
        null,
        null,
        null,
        null,
        null,
        null,
        null,
        null,
        null,
        null,
        null,
        null,
        null,
        null,
        null,
        null,
        null,
        null,
        null,
        1,
        null,
        1,
        null,
        1,
        null,
        null,
        null,
        null,
        1,
        null,
        null,
        null,
        null,
        null,
        null,
        null,
        null,
        null,
        null,
        null,
        null,
        null,
        null,
        1,
        null,
        null,
        1,
        null,
        null,
        null
      ],
      "/media/sunny/homework/week6-1/br1-wk6-humanbook/config/environment.rb": [
        null,
        1,
        null,
        null,
        1
      ],
      "/media/sunny/homework/week6-1/br1-wk6-humanbook/config/application.rb": [
        1,
        null,
        1,
        null,
        null,
        null,
        1,
        null,
        1,
        1,
        null,
        1,
        null,
        null,
        null,
        null,
        null,
        null
      ],
      "/media/sunny/homework/week6-1/br1-wk6-humanbook/config/boot.rb": [
        1,
        null,
        1
      ],
      "/media/sunny/homework/week6-1/br1-wk6-humanbook/config/environments/test.rb": [
        1,
        null,
        null,
        null,
        null,
        null,
        null,
        1,
        null,
        null,
        null,
        null,
        1,
        null,
        null,
        1,
        1,
        null,
        null,
        null,
        null,
        1,
        1,
        null,
        null,
        1,
        null,
        null,
        1,
        1,
        null,
        null,
        null,
        null,
        1,
        null,
        null,
        1,
        null,
        null,
        null,
        null
      ],
      "/media/sunny/homework/week6-1/br1-wk6-humanbook/config/initializers/application_controller_renderer.rb": [
        null,
        null,
        null,
        null,
        null,
        null
      ],
      "/media/sunny/homework/week6-1/br1-wk6-humanbook/config/initializers/assets.rb": [
        null,
        null,
        null,
        1,
        null,
        null,
        null,
        null,
        1,
        null,
        null,
        null,
        null,
        null
      ],
      "/media/sunny/homework/week6-1/br1-wk6-humanbook/config/initializers/backtrace_silencers.rb": [
        null,
        null,
        null,
        null,
        null,
        null,
        null
      ],
      "/media/sunny/homework/week6-1/br1-wk6-humanbook/config/initializers/cookies_serializer.rb": [
        null,
        null,
        null,
        null,
        1
      ],
      "/media/sunny/homework/week6-1/br1-wk6-humanbook/config/initializers/filter_parameter_logging.rb": [
        null,
        null,
        null,
        1
      ],
      "/media/sunny/homework/week6-1/br1-wk6-humanbook/config/initializers/inflections.rb": [
        null,
        null,
        null,
        null,
        null,
        null,
        null,
        null,
        null,
        null,
        null,
        null,
        null,
        null,
        null,
        null
      ],
      "/media/sunny/homework/week6-1/br1-wk6-humanbook/config/initializers/mime_types.rb": [
        null,
        null,
        null,
        null
      ],
      "/media/sunny/homework/week6-1/br1-wk6-humanbook/config/initializers/omniauth.rb": [
        1,
        null,
        1,
        1,
        null
      ],
      "/media/sunny/homework/week6-1/br1-wk6-humanbook/config/initializers/trestle.rb": [
        1,
        null,
        null,
        null,
        null,
        1,
        null,
        null,
        null,
        null,
        null,
        null,
        null,
        null,
        null,
        null,
        null,
        null,
        null,
        null,
        null,
        null,
        null,
        null,
        null,
        null,
        null,
        null,
        null,
        null,
        null,
        null,
        null,
        null,
        null,
        null,
        null,
        null,
        null,
        null,
        null,
        null,
        null,
        null,
        null,
        null,
        null,
        null,
        null,
        null,
        null,
        null,
        null,
        null,
        null,
        null,
        null,
        null,
        null,
        null,
        null,
        null,
        null,
        null,
        null,
        null,
        null,
        null,
        null,
        null,
        null,
        null,
        null,
        null,
        null,
        null,
        null,
        null,
        null,
        null,
        null,
        null,
        null,
        null,
        null,
        null,
        null,
        null,
        null,
        null,
        null,
        null,
        null,
        null,
        null,
        null,
        null,
        null,
        null,
        null,
        null,
        null,
        null,
        null,
        null,
        null,
        null
      ],
      "/media/sunny/homework/week6-1/br1-wk6-humanbook/config/initializers/wrap_parameters.rb": [
        null,
        null,
        null,
        null,
        null,
        null,
        1,
        2,
        null,
        null,
        null,
        null,
        null,
        null
      ],
      "/media/sunny/homework/week6-1/br1-wk6-humanbook/app/admin/messages_admin.rb": [
        1,
        1,
        0,
        null,
        null,
        null,
        null,
        null,
        null,
        null,
        null,
        null,
        null,
        null,
        null,
        null,
        null,
        null,
        null,
        null,
        null,
        null,
        null,
        null,
        null,
        null,
        null,
        null,
        null,
        null,
        null,
        null,
        null,
        null,
        null
      ],
      "/media/sunny/homework/week6-1/br1-wk6-humanbook/app/admin/users_admin.rb": [
        1,
        1,
        0,
        null,
        null,
        null,
        null,
        1,
        1,
        1,
        1,
        1,
        0,
        null,
        1,
        1,
        1,
        null,
        null,
        null,
        null,
        1,
        0,
        0,
        0,
        0,
        null,
        0,
        0,
        0,
        null,
        null,
        null,
        null,
        null,
        null,
        null,
        null,
        null,
        null,
        null,
        null,
        null,
        null
      ],
      "/media/sunny/homework/week6-1/br1-wk6-humanbook/config/routes.rb": [
        1,
        1,
        1,
        null,
        1,
        1,
        1,
        1,
        null,
        null,
        null,
        1,
        1,
        null,
        null,
        1,
        null,
        1,
        1,
        null,
        1,
        1,
        1,
        1,
        null,
        1,
        null,
        null,
        null
      ],
      "/media/sunny/homework/week6-1/br1-wk6-humanbook/app/helpers/application_helper.rb": [
        1,
        1,
        0,
        null,
        null,
        1,
        null,
        0,
        0,
        0,
        null,
        null,
        0,
        null,
        null,
        1,
        0,
        null,
        null
      ],
      "/media/sunny/homework/week6-1/br1-wk6-humanbook/app/helpers/friends_helper.rb": [
        1,
        null
      ],
      "/media/sunny/homework/week6-1/br1-wk6-humanbook/app/helpers/friendships_helper.rb": [
        1,
        null
      ],
      "/media/sunny/homework/week6-1/br1-wk6-humanbook/app/helpers/home_helper.rb": [
        1,
        null
      ],
      "/media/sunny/homework/week6-1/br1-wk6-humanbook/app/helpers/messages_helper.rb": [
        1,
        null
      ],
      "/media/sunny/homework/week6-1/br1-wk6-humanbook/app/helpers/sessions_helper.rb": [
        1,
        null
      ],
      "/media/sunny/homework/week6-1/br1-wk6-humanbook/app/helpers/users_helper.rb": [
        1,
        null
      ],
      "/media/sunny/homework/week6-1/br1-wk6-humanbook/app/controllers/messages_controller.rb": [
        1,
        1,
        null,
        1,
        1,
        null,
        null,
        1,
        0,
        0,
        0,
        null,
        0,
        null,
        null,
        null,
        1,
        0,
        null,
        null,
        1,
        0,
        null,
        null,
        1,
        0,
        null,
        null,
        1,
        null,
        1,
        0,
        null,
        null
      ],
      "/media/sunny/homework/week6-1/br1-wk6-humanbook/app/controllers/application_controller.rb": [
        1,
        1,
        1,
        null,
        1,
        null,
        1,
        4,
        1,
        null,
        null,
        null,
        1,
        0,
        null,
        null,
        1,
        0,
        null,
        null,
        1,
        4,
        null,
        null
      ],
      "/media/sunny/homework/week6-1/br1-wk6-humanbook/spec/controllers/users_controller_spec.rb": [
        1,
        null,
        1,
        3,
        3,
        3,
        1,
        1,
        1,
        1,
        1,
        null,
        null,
        null,
        1,
        1,
        1,
        1,
        1,
        null,
        null,
        null,
        1,
        1,
        1,
        1,
        null,
        1,
        null,
        null,
        null,
        null
      ],
      "/media/sunny/homework/week6-1/br1-wk6-humanbook/app/controllers/users_controller.rb": [
        1,
        1,
        null,
        1,
        0,
        null,
        null,
        1,
        0,
        0,
        0,
        0,
        null,
        0,
        null,
        null,
        null,
        1,
        0,
        null,
        null,
        1,
        0,
        0,
        null,
        null,
        1,
        2,
        null,
        null,
        1,
        null,
        1,
        0,
        null,
        null
      ],
      "/media/sunny/homework/week6-1/br1-wk6-humanbook/spec/models/message_spec.rb": [
        1,
        null,
        1,
        null,
        1,
        1,
        1,
        1,
        1,
        null,
        null,
        1,
        1,
        null,
        null,
        null
      ],
      "/media/sunny/homework/week6-1/br1-wk6-humanbook/app/models/message.rb": [
        1,
        1,
        1,
        1,
        null,
        null,
        null,
        null
      ],
      "/media/sunny/homework/week6-1/br1-wk6-humanbook/app/models/application_record.rb": [
        1,
        1,
        null
      ],
      "/media/sunny/homework/week6-1/br1-wk6-humanbook/spec/models/user_spec.rb": [
        1,
        null,
        1,
        null,
        1,
        1,
        2,
        null,
        null,
        1,
        1,
        null,
        null,
        1,
        1,
        null,
        null,
        null,
        1,
        1,
        1,
        1,
        1,
        1,
        1,
        null,
        1,
        1,
        null,
        null,
        null,
        null
      ],
      "/media/sunny/homework/week6-1/br1-wk6-humanbook/app/models/user.rb": [
        1,
        1,
        1,
        null,
        1,
        1,
        null,
        null,
        null,
        null,
        null,
        1,
        1,
        null,
        1,
        null,
        null,
        null,
        null,
        0,
        0,
        0,
        0,
        0,
        null,
        null,
        null,
        null,
        null,
        null,
        null,
        0,
        null,
        null,
        1,
        1,
        null,
        null,
        1,
        1,
        null,
        null,
        1,
        0,
        null,
        null,
        1,
        0,
        0,
        0,
        0,
        0,
        0,
        0,
        0,
        0,
        null,
        null,
        null,
        null,
        null,
        null,
        null,
        null,
        null,
        null,
        null,
        null,
        null,
        null,
        1,
        0,
        null,
        null,
        1,
        0,
        null,
        null,
        1,
        0,
        null,
        null,
        null,
        1,
        0,
        null,
        null,
        1,
        0,
        null,
        null,
        1,
        0,
        null,
        null
      ],
      "/media/sunny/homework/week6-1/br1-wk6-humanbook/app/models/friendship.rb": [
        1,
        1,
        1,
        null
      ]
    },
    "timestamp": 1502784407
  }
}
